<?xml version="1.0" encoding="UTF-8"?>
<!-- Generated by org.testng.reporters.JUnitXMLReporter -->
<testsuite ignored="0" hostname="DESKTOP-E6DDM8A" failures="0" tests="3" name="Default test" time="154.337" errors="0" timestamp="2021-11-24T14:58:17 IST">
  <testcase classname="Employee_Tracking.selenium_employee.App" name="AddUserAuthenticationTest" time="2.783"/>
  <testcase classname="Employee_Tracking.selenium_employee.App" name="AddEmployeeinformationTest" time="4.346"/>
  <testcase classname="Employee_Tracking.selenium_employee.App" name="AddEmployeeActivityTest" time="146.495"/>
</testsuite> <!-- Default test -->
